<?xml version="1.0" encoding="UTF-8"?>
<!-- Generated by org.testng.reporters.JUnitReportReporter -->
<testsuite hostname="DESKTOP-HGCGENQ" failures="0" tests="1" name="com.banking.obs.testNg.InternetBankingLoginTest" time="22.608" errors="0" timestamp="2023-08-09T09:24:59 IST" skipped="0">
  <testcase classname="com.banking.obs.testNg.InternetBankingLoginTest" name="openAccount" time="22.608"/>
</testsuite> <!-- com.banking.obs.testNg.InternetBankingLoginTest -->
