<?xml version="1.0" encoding="UTF-8"?>
<!-- Generated by org.testng.reporters.JUnitReportReporter -->
<testsuite hostname="DESKTOP-HGCGENQ" failures="0" tests="2" name="com.banking.obs.testNg.DataProvide" time="0.072" errors="0" timestamp="2023-08-05T11:33:20 IST" skipped="0">
  <testcase classname="com.banking.obs.testNg.DataProvide" name="fetchDataUsingDataProvider" time="0.025"/>
  <testcase classname="com.banking.obs.testNg.DataProvide" name="fetchDataUsingDataProvider" time="0.047"/>
</testsuite> <!-- com.banking.obs.testNg.DataProvide -->
