<?xml version="1.0" encoding="UTF-8"?>
<!-- Generated by org.testng.reporters.JUnitReportReporter -->
<testsuite hostname="DESKTOP-HGCGENQ" failures="0" tests="5" name="com.banking.obs.testNg.InternetBankingDemo" time="0.057" errors="0" timestamp="2023-08-08T21:34:42 IST" skipped="0">
  <testcase classname="com.banking.obs.testNg.InternetBankingDemo" name="fundsTransfer" time="0.015"/>
  <testcase classname="com.banking.obs.testNg.InternetBankingDemo" name="viewBeneficiery" time="0.011"/>
  <testcase classname="com.banking.obs.testNg.InternetBankingDemo" name="registerForInternetBanking" time="0.012"/>
  <testcase classname="com.banking.obs.testNg.InternetBankingDemo" name="deleteBeneficiery" time="0.010"/>
  <testcase classname="com.banking.obs.testNg.InternetBankingDemo" name="addBeneficiery" time="0.009"/>
</testsuite> <!-- com.banking.obs.testNg.InternetBankingDemo -->
