<?xml version="1.0" encoding="UTF-8"?>
<!-- Generated by org.testng.reporters.JUnitReportReporter -->
<testsuite hostname="DESKTOP-HGCGENQ" failures="0" tests="1" name="com.banking.obs.testNg.ApplyDebitCardDemo" time="0.040" errors="0" timestamp="2023-08-08T21:34:42 IST" skipped="0">
  <testcase classname="com.banking.obs.testNg.ApplyDebitCardDemo" name="approveDebitcard" time="0.040"/>
</testsuite> <!-- com.banking.obs.testNg.ApplyDebitCardDemo -->
