<?xml version="1.0" encoding="UTF-8"?>
<!-- Generated by org.testng.reporters.JUnitReportReporter -->
<testsuite hostname="DESKTOP-HGCGENQ" failures="0" tests="1" name="com.banking.GenericUtility.BaseClass" time="0.023" errors="0" timestamp="2023-08-08T10:02:47 IST" skipped="0">
  <testcase classname="com.banking.GenericUtility.BaseClass" name="testScript" time="0.023"/>
</testsuite> <!-- com.banking.GenericUtility.BaseClass -->
