<?xml version="1.0" encoding="UTF-8"?>
<!-- Generated by org.testng.reporters.JUnitReportReporter -->
<testsuite hostname="DESKTOP-HGCGENQ" failures="0" tests="1" name="com.banking.obs.testNg.HomeModuletest" time="19.579" errors="0" timestamp="2023-08-08T18:25:08 IST" skipped="0">
  <testcase classname="com.banking.obs.testNg.HomeModuletest" name="openAccount" time="19.579"/>
</testsuite> <!-- com.banking.obs.testNg.HomeModuletest -->
