<?xml version="1.0" encoding="UTF-8"?>
<!-- Generated by org.testng.reporters.JUnitReportReporter -->
<testsuite hostname="DESKTOP-HGCGENQ" failures="0" tests="6" name="com.banking.obs.testNg.InternetBankingtest" time="0.437" errors="0" timestamp="2023-08-08T12:09:20 IST" skipped="0">
  <testcase classname="com.banking.obs.testNg.InternetBankingtest" name="deleteBeneficiery" time="0.014"/>
  <testcase classname="com.banking.obs.testNg.InternetBankingtest" name="addBeneficiery" time="0.335"/>
  <testcase classname="com.banking.obs.testNg.InternetBankingtest" name="viewBeneficiery" time="0.016"/>
  <testcase classname="com.banking.obs.testNg.InternetBankingtest" name="registerForInternetBanking" time="0.021"/>
  <testcase classname="com.banking.obs.testNg.InternetBankingtest" name="fundsTransfer" time="0.011"/>
  <testcase classname="com.banking.obs.testNg.InternetBankingtest" name="loginToInternetBanking" time="0.040"/>
</testsuite> <!-- com.banking.obs.testNg.InternetBankingtest -->
