<?xml version="1.0" encoding="UTF-8"?>
<!-- Generated by org.testng.reporters.JUnitReportReporter -->
<testsuite hostname="DESKTOP-HGCGENQ" failures="0" tests="2" name="com.banking.obs.testNg.DataFecthing" time="0.053" errors="0" timestamp="2023-08-04T14:41:14 IST" skipped="0">
  <testcase classname="com.banking.obs.testNg.DataFecthing" name="fecthingDAta" time="0.008"/>
  <testcase classname="com.banking.obs.testNg.DataFecthing" name="fecthingDAta" time="0.045"/>
</testsuite> <!-- com.banking.obs.testNg.DataFecthing -->
